<?xml version="1.0" encoding="UTF-8"?>
<!-- Generated by org.testng.reporters.JUnitXMLReporter -->
<testsuite hostname="P-SIVENKOVD" name="ServiciesPageTest" tests="5" failures="4" timestamp="20 Jun 2016 14:21:49 GMT" time="309.094" errors="0">
  <testcase name="checkAfishaPageIsOpened" time="61.567" classname="tests.MainTest">
    <failure type="org.openqa.selenium.NoSuchElementException" message="timeout
For documentation on this error, please visit: http://seleniumhq.org/exceptions/no_such_element.html
Build info: version: &amp;apos;2.53.0&amp;apos;, revision: &amp;apos;35ae25b1534ae328c771e0856c93e187490ca824&amp;apos;, time: &amp;apos;2016-03-15 10:43:46&amp;apos;
System info: host: &amp;apos;P-SIVENKOVD&amp;apos;, ip: &amp;apos;192.168.33.46&amp;apos;, os.name: &amp;apos;Windows 7&amp;apos;, os.arch: &amp;apos;amd64&amp;apos;, os.version: &amp;apos;6.1&amp;apos;, java.version: &amp;apos;1.8.0_92&amp;apos;
Driver info: driver.version: unknown">
      <![CDATA[org.openqa.selenium.NoSuchElementException: timeout
For documentation on this error, please visit: http://seleniumhq.org/exceptions/no_such_element.html
Build info: version: '2.53.0', revision: '35ae25b1534ae328c771e0856c93e187490ca824', time: '2016-03-15 10:43:46'
System info: host: 'P-SIVENKOVD', ip: '192.168.33.46', os.name: 'Windows 7', os.arch: 'amd64', os.version: '6.1', java.version: '1.8.0_92'
Driver info: driver.version: unknown
	at base.BasePage.waitForElement(BasePage.java:43)
	at pages.MainPage.goToAfishaPage(MainPage.java:69)
	at tests.MainTest.checkAfishaPageIsOpened(MainTest.java:42)
... Removed 27 stack frames]]>
    </failure>
  </testcase> <!-- checkAfishaPageIsOpened -->
  <testcase name="checkFinancePageIsOpened" time="61.441" classname="tests.MainTest">
    <failure type="org.openqa.selenium.NoSuchElementException" message="timeout
For documentation on this error, please visit: http://seleniumhq.org/exceptions/no_such_element.html
Build info: version: &amp;apos;2.53.0&amp;apos;, revision: &amp;apos;35ae25b1534ae328c771e0856c93e187490ca824&amp;apos;, time: &amp;apos;2016-03-15 10:43:46&amp;apos;
System info: host: &amp;apos;P-SIVENKOVD&amp;apos;, ip: &amp;apos;192.168.33.46&amp;apos;, os.name: &amp;apos;Windows 7&amp;apos;, os.arch: &amp;apos;amd64&amp;apos;, os.version: &amp;apos;6.1&amp;apos;, java.version: &amp;apos;1.8.0_92&amp;apos;
Driver info: driver.version: unknown">
      <![CDATA[org.openqa.selenium.NoSuchElementException: timeout
For documentation on this error, please visit: http://seleniumhq.org/exceptions/no_such_element.html
Build info: version: '2.53.0', revision: '35ae25b1534ae328c771e0856c93e187490ca824', time: '2016-03-15 10:43:46'
System info: host: 'P-SIVENKOVD', ip: '192.168.33.46', os.name: 'Windows 7', os.arch: 'amd64', os.version: '6.1', java.version: '1.8.0_92'
Driver info: driver.version: unknown
	at base.BasePage.waitForElement(BasePage.java:43)
	at pages.MainPage.goToFinancePage(MainPage.java:61)
	at tests.MainTest.checkFinancePageIsOpened(MainTest.java:36)
... Removed 27 stack frames]]>
    </failure>
  </testcase> <!-- checkFinancePageIsOpened -->
  <testcase name="checkMailPageIsOpened" time="61.782" classname="tests.MainTest">
    <failure type="org.openqa.selenium.NoSuchElementException" message="timeout
For documentation on this error, please visit: http://seleniumhq.org/exceptions/no_such_element.html
Build info: version: &amp;apos;2.53.0&amp;apos;, revision: &amp;apos;35ae25b1534ae328c771e0856c93e187490ca824&amp;apos;, time: &amp;apos;2016-03-15 10:43:46&amp;apos;
System info: host: &amp;apos;P-SIVENKOVD&amp;apos;, ip: &amp;apos;192.168.33.46&amp;apos;, os.name: &amp;apos;Windows 7&amp;apos;, os.arch: &amp;apos;amd64&amp;apos;, os.version: &amp;apos;6.1&amp;apos;, java.version: &amp;apos;1.8.0_92&amp;apos;
Driver info: driver.version: unknown">
      <![CDATA[org.openqa.selenium.NoSuchElementException: timeout
For documentation on this error, please visit: http://seleniumhq.org/exceptions/no_such_element.html
Build info: version: '2.53.0', revision: '35ae25b1534ae328c771e0856c93e187490ca824', time: '2016-03-15 10:43:46'
System info: host: 'P-SIVENKOVD', ip: '192.168.33.46', os.name: 'Windows 7', os.arch: 'amd64', os.version: '6.1', java.version: '1.8.0_92'
Driver info: driver.version: unknown
	at base.BasePage.waitForElement(BasePage.java:43)
	at pages.MainPage.goToMailPage(MainPage.java:53)
	at tests.MainTest.checkMailPageIsOpened(MainTest.java:24)
... Removed 27 stack frames]]>
    </failure>
  </testcase> <!-- checkMailPageIsOpened -->
  <testcase name="checkRabotaPageIsOpened" time="61.397" classname="tests.MainTest">
    <failure type="org.openqa.selenium.NoSuchElementException" message="timeout
For documentation on this error, please visit: http://seleniumhq.org/exceptions/no_such_element.html
Build info: version: &amp;apos;2.53.0&amp;apos;, revision: &amp;apos;35ae25b1534ae328c771e0856c93e187490ca824&amp;apos;, time: &amp;apos;2016-03-15 10:43:46&amp;apos;
System info: host: &amp;apos;P-SIVENKOVD&amp;apos;, ip: &amp;apos;192.168.33.46&amp;apos;, os.name: &amp;apos;Windows 7&amp;apos;, os.arch: &amp;apos;amd64&amp;apos;, os.version: &amp;apos;6.1&amp;apos;, java.version: &amp;apos;1.8.0_92&amp;apos;
Driver info: driver.version: unknown">
      <![CDATA[org.openqa.selenium.NoSuchElementException: timeout
For documentation on this error, please visit: http://seleniumhq.org/exceptions/no_such_element.html
Build info: version: '2.53.0', revision: '35ae25b1534ae328c771e0856c93e187490ca824', time: '2016-03-15 10:43:46'
System info: host: 'P-SIVENKOVD', ip: '192.168.33.46', os.name: 'Windows 7', os.arch: 'amd64', os.version: '6.1', java.version: '1.8.0_92'
Driver info: driver.version: unknown
	at base.BasePage.waitForElement(BasePage.java:43)
	at pages.MainPage.goToRabotaPage(MainPage.java:77)
	at tests.MainTest.checkRabotaPageIsOpened(MainTest.java:30)
... Removed 27 stack frames]]>
    </failure>
  </testcase> <!-- checkRabotaPageIsOpened -->
  <testcase name="successfulSearch" time="3.551" classname="tests.MainTest"/>
</testsuite> <!-- ServiciesPageTest -->
